c:\users\joe19\onedrive\documents\github\glfw-application\glfwapplication\glfwapplication\x64\debug\vc143.pdb
c:\users\joe19\onedrive\documents\github\glfw-application\glfwapplication\glfwapplication\x64\debug\vc143.idb
c:\users\joe19\onedrive\documents\github\glfw-application\glfwapplication\glfwapplication\x64\debug\input.obj
c:\users\joe19\onedrive\documents\github\glfw-application\glfwapplication\glfwapplication\x64\debug\entry.obj
c:\users\joe19\onedrive\documents\github\glfw-application\glfwapplication\glfwapplication\x64\debug\glfwapplication.ilk
c:\users\joe19\onedrive\documents\github\glfw-application\glfwapplication\x64\debug\glfwapplication.pdb
c:\users\joe19\onedrive\documents\github\glfw-application\glfwapplication\glfwapplication\x64\debug\glfwapplication.tlog\cl.command.1.tlog
c:\users\joe19\onedrive\documents\github\glfw-application\glfwapplication\glfwapplication\x64\debug\glfwapplication.tlog\cl.items.tlog
c:\users\joe19\onedrive\documents\github\glfw-application\glfwapplication\glfwapplication\x64\debug\glfwapplication.tlog\cl.read.1.tlog
c:\users\joe19\onedrive\documents\github\glfw-application\glfwapplication\glfwapplication\x64\debug\glfwapplication.tlog\cl.write.1.tlog
c:\users\joe19\onedrive\documents\github\glfw-application\glfwapplication\glfwapplication\x64\debug\glfwapplication.tlog\link-cvtres.read.1.tlog
c:\users\joe19\onedrive\documents\github\glfw-application\glfwapplication\glfwapplication\x64\debug\glfwapplication.tlog\link-cvtres.write.1.tlog
c:\users\joe19\onedrive\documents\github\glfw-application\glfwapplication\glfwapplication\x64\debug\glfwapplication.tlog\link-rc.read.1.tlog
c:\users\joe19\onedrive\documents\github\glfw-application\glfwapplication\glfwapplication\x64\debug\glfwapplication.tlog\link-rc.write.1.tlog
c:\users\joe19\onedrive\documents\github\glfw-application\glfwapplication\glfwapplication\x64\debug\glfwapplication.tlog\link.20168-cvtres.read.1.tlog
c:\users\joe19\onedrive\documents\github\glfw-application\glfwapplication\glfwapplication\x64\debug\glfwapplication.tlog\link.20168-cvtres.write.1.tlog
c:\users\joe19\onedrive\documents\github\glfw-application\glfwapplication\glfwapplication\x64\debug\glfwapplication.tlog\link.20168-rc.read.1.tlog
c:\users\joe19\onedrive\documents\github\glfw-application\glfwapplication\glfwapplication\x64\debug\glfwapplication.tlog\link.20168-rc.write.1.tlog
c:\users\joe19\onedrive\documents\github\glfw-application\glfwapplication\glfwapplication\x64\debug\glfwapplication.tlog\link.20168.read.1.tlog
c:\users\joe19\onedrive\documents\github\glfw-application\glfwapplication\glfwapplication\x64\debug\glfwapplication.tlog\link.20168.read.2.tlog
c:\users\joe19\onedrive\documents\github\glfw-application\glfwapplication\glfwapplication\x64\debug\glfwapplication.tlog\link.20168.read.3.tlog
c:\users\joe19\onedrive\documents\github\glfw-application\glfwapplication\glfwapplication\x64\debug\glfwapplication.tlog\link.20168.read.4.tlog
c:\users\joe19\onedrive\documents\github\glfw-application\glfwapplication\glfwapplication\x64\debug\glfwapplication.tlog\link.20168.write.1.tlog
c:\users\joe19\onedrive\documents\github\glfw-application\glfwapplication\glfwapplication\x64\debug\glfwapplication.tlog\link.command.1.tlog
c:\users\joe19\onedrive\documents\github\glfw-application\glfwapplication\glfwapplication\x64\debug\glfwapplication.tlog\link.read.1.tlog
c:\users\joe19\onedrive\documents\github\glfw-application\glfwapplication\glfwapplication\x64\debug\glfwapplication.tlog\link.read.2.tlog
c:\users\joe19\onedrive\documents\github\glfw-application\glfwapplication\glfwapplication\x64\debug\glfwapplication.tlog\link.read.3.tlog
c:\users\joe19\onedrive\documents\github\glfw-application\glfwapplication\glfwapplication\x64\debug\glfwapplication.tlog\link.read.4.tlog
c:\users\joe19\onedrive\documents\github\glfw-application\glfwapplication\glfwapplication\x64\debug\glfwapplication.tlog\link.read.5.tlog
c:\users\joe19\onedrive\documents\github\glfw-application\glfwapplication\glfwapplication\x64\debug\glfwapplication.tlog\link.secondary.1.tlog
c:\users\joe19\onedrive\documents\github\glfw-application\glfwapplication\glfwapplication\x64\debug\glfwapplication.tlog\link.write.1.tlog
